DB Driver load: ./hop_db_dummy.rb
OK! (dummy)
DB Driver load: ./hop_db_cassandra.rb
DB Driver load failed (but ignored): ./hop_db_cassandra.rb (no such file to load -- cassandra/0.8)
DB Driver load: ./hop_db_cassandra2d.rb
DB Driver init failed: ./hop_db_cassandra2d.rb (uninitialized constant Hopsa::CassandraHopstance)
DB Driver load: ./hop_db_mongo.rb
OK! (mongo)
DB Driver load: ./hop_db_split.rb
OK! (split)
DB Driver load: ./hop_db_stream.rb
OK! (stream)
CONFIG YAML: {"local"=>{"out_format"=>"csv"}, "parmap"=>{"node"=>"node-00-00", "start_time"=>"1", "end_time"=>"5000000000000000"}, "varmap"=>{"cpu_user"=>{"type"=>"mongo", "collection"=>"mycoll", "push_index"=>true, "address"=>"localhost", "database"=>"test"}, "testbase"=>{"type"=>"csv"}, "cheb_cpu_user"=>{"type"=>"cassandra2d", "cf"=>"cheb_cpu_user", "keyspace"=>"zhopsa", "keyname"=>"time", "colname"=>"node"}, "tasks"=>{"type"=>"cassandra", "cf"=>"tasks_gra", "keyspace"=>"hopsa", "keyname"=>"taskid", "push_index"=>true, "max_items"=>-1}}}
>>Statement NilClass => Hopsa::TopStatement
NEW EMPTY VARSTORE
>>Statement Hopsa::TopStatement => Hopsa::EachHopstance
Copy varstore #EachHopstance(<-) from #<Hopsa::TopStatement:0x7ffddcfc6ea8>.
ADDED STREAM: 70364155492100 out10
:: final

EACH: out10,x,#<Hopsa::CSVDriver:0x7ffddcfc5940>,x.np > 97
>>final<<
>>Statement Hopsa::EachHopstance => Hopsa::LetStatement
>>Statement Hopsa::EachHopstance => Hopsa::LetStatement
ADDED AGG: #<Hopsa::LetStatement:0x7ffddcf88ce8
 @expression=
  #<Hopsa::AssExpr:0x7ffddcf88fb8
   @code_line=0,
   @expr1=#<Hopsa::RefExpr:0x7ffddcf89238 @code_line=0, @rname="__agg_var_3">,
   @expr2=
    #<Hopsa::CallExpr:0x7ffddcf89030
     @args=
      [#<Hopsa::RefExpr:0x7ffddcf89238 @code_line=0, @rname="__agg_var_3">,
       #<Hopsa::DotExpr:0x7ffddcf890f8
        @code_line=0,
        @field_name="np",
        @obj=#<Hopsa::RefExpr:0x7ffddcfa1f90 @code_line=0, @rname="x">>],
     @fun=
      #<Hopsa::DirectFunction:0x7ffddcfc7ad8
       @arg_num=2,
       @code=#<Proc:0x00007ffddda56580@./hop_fun.rb:60>,
       @name="min",
       @post_conv=true,
       @pre_conv=true>,
     @fun_name="min">>,
 @finalChain=
  #<Hopsa::HopChain:0x7ffddcf88a40
   @chain=[],
   @executor=#<Hopsa::LetStatement:0x7ffddcf88ce8 ...>>,
 @finished=false,
 @hopid=5,
 @initChain=
  #<Hopsa::HopChain:0x7ffddcf88a68
   @chain=[],
   @executor=#<Hopsa::LetStatement:0x7ffddcf88ce8 ...>>,
 @input=nil,
 @line=nil,
 @mainChain=
  #<Hopsa::HopChain:0x7ffddcf889c8
   @chain=[],
   @executor=#<Hopsa::LetStatement:0x7ffddcf88ce8 ...>>,
 @parent=
  #<Hopsa::EachHopstance:0x7ffddcfbc8e0
   @current_var="x",
   @finalChain=
    #<Hopsa::HopChain:0x7ffddcfbc660
     @chain=[],
     @executor=#<Hopsa::EachHopstance:0x7ffddcfbc8e0 ...>>,
   @finished=false,
   @hopid=2,
   @initChain=
    #<Hopsa::HopChain:0x7ffddcfbc6b0
     @chain=[],
     @executor=#<Hopsa::EachHopstance:0x7ffddcfbc8e0 ...>>,
   @input=nil,
   @mainChain=
    #<Hopsa::HopChain:0x7ffddcfbc5c0
     @chain=[],
     @executor=#<Hopsa::EachHopstance:0x7ffddcfbc8e0 ...>>,
   @parent=
    #<Hopsa::TopStatement:0x7ffddcfc6ea8
     @finalChain=
      #<Hopsa::HopChain:0x7ffddcfc6c78
       @chain=[],
       @executor=#<Hopsa::TopStatement:0x7ffddcfc6ea8 ...>>,
     @finished=false,
     @hopid=1,
     @initChain=
      #<Hopsa::HopChain:0x7ffddcfc6ca0
       @chain=[],
       @executor=#<Hopsa::TopStatement:0x7ffddcfc6ea8 ...>>,
     @input=nil,
     @mainChain=
      #<Hopsa::HopChain:0x7ffddcfc6bd8
       @chain=[],
       @executor=#<Hopsa::TopStatement:0x7ffddcfc6ea8 ...>>,
     @parent=nil,
     @started=false,
     @varStore=
      #<Hopsa::VarStore:0x7ffddcfc6e08
       @cortegeStore={},
       @ex=#<Hopsa::TopStatement:0x7ffddcfc6ea8 ...>,
       @scalarStore=
        {"node"=>"node-00-00",
         "start_time"=>"1",
         "end_time"=>"5000000000000000"},
       @streamStore=
        {"out10"=>
          #<Hopsa::HopPipe:0x7ffddcfbc430
           @buffer=[],
           @data="",
           @read_io=#<File:0x7ffddcfbb238>,
           @write_io=#<File:0x7ffddcfbb1e8>>}>>,
   @source=
    #<Hopsa::CSVDriver:0x7ffddcfc5940
     @current_var="x",
     @parent=
      #<Hopsa::TopStatement:0x7ffddcfc6ea8
       @finalChain=
        #<Hopsa::HopChain:0x7ffddcfc6c78
         @chain=[],
         @executor=#<Hopsa::TopStatement:0x7ffddcfc6ea8 ...>>,
       @finished=false,
       @hopid=1,
       @initChain=
        #<Hopsa::HopChain:0x7ffddcfc6ca0
         @chain=[],
         @executor=#<Hopsa::TopStatement:0x7ffddcfc6ea8 ...>>,
       @input=nil,
       @mainChain=
        #<Hopsa::HopChain:0x7ffddcfc6bd8
         @chain=[],
         @executor=#<Hopsa::TopStatement:0x7ffddcfc6ea8 ...>>,
       @parent=nil,
       @started=false,
       @varStore=
        #<Hopsa::VarStore:0x7ffddcfc6e08
         @cortegeStore={},
         @ex=#<Hopsa::TopStatement:0x7ffddcfc6ea8 ...>,
         @scalarStore=
          {"node"=>"node-00-00",
           "start_time"=>"1",
           "end_time"=>"5000000000000000"},
         @streamStore=
          {"out10"=>
            #<Hopsa::HopPipe:0x7ffddcfbc430
             @buffer=[],
             @data="",
             @read_io=#<File:0x7ffddcfbb238>,
             @write_io=#<File:0x7ffddcfbb1e8>>}>>,
     @source="ttt",
     @where="x.np > 97",
     @where_expression=
      #<Hopsa::BinaryExpr:0x7ffddcfbcac0
       @code_line=0,
       @expr1=
        #<Hopsa::DotExpr:0x7ffddcfbec58
         @code_line=0,
         @field_name="np",
         @obj=#<Hopsa::RefExpr:0x7ffddcfbf428 @code_line=0, @rname="x">>,
       @expr2=#<Hopsa::ValExpr:0x7ffddcfbce58 @code_line=0, @val="97">,
       @op=">",
       @post_conv=false,
       @pre_conv=true,
       @short=false>>,
   @started=false,
   @streamvar="out10",
   @varStore=
    #<Hopsa::VarStore:0x7ffddcfbc840
     @cortegeStore={},
     @ex=#<Hopsa::EachHopstance:0x7ffddcfbc8e0 ...>,
     @scalarStore=
      {"node"=>"node-00-00",
       "start_time"=>"1",
       "__agg_var_3"=>"",
       "end_time"=>"5000000000000000",
       "x"=>""},
     @streamStore=
      {"out10"=>
        #<Hopsa::HopPipe:0x7ffddcfbc430
         @buffer=[],
         @data="",
         @read_io=#<File:0x7ffddcfbb238>,
         @write_io=#<File:0x7ffddcfbb1e8>>}>,
   @where_expr=
    #<Hopsa::BinaryExpr:0x7ffddcfb2c28
     @code_line=0,
     @expr1=
      #<Hopsa::DotExpr:0x7ffddcfb47a8
       @code_line=0,
       @field_name="np",
       @obj=#<Hopsa::RefExpr:0x7ffddcfb4a00 @code_line=0, @rname="x">>,
     @expr2=#<Hopsa::ValExpr:0x7ffddcfb3100 @code_line=0, @val="97">,
     @op=">",
     @post_conv=false,
     @pre_conv=true,
     @short=false>>,
 @started=false>

>>Statement Hopsa::EachHopstance => Hopsa::LetStatement
>>Statement Hopsa::EachHopstance => Hopsa::LetStatement
ADDED AGG: #<Hopsa::LetStatement:0x7ffddf348db8
 @expression=
  #<Hopsa::AssExpr:0x7ffddcf8a4d0
   @code_line=0,
   @expr1=#<Hopsa::RefExpr:0x7ffddcf8a7c8 @code_line=0, @rname="__agg_var_0">,
   @expr2=
    #<Hopsa::BinaryExpr:0x7ffddcf8a660
     @code_line=0,
     @expr1=
      #<Hopsa::RefExpr:0x7ffddcf8a7c8 @code_line=0, @rname="__agg_var_0">,
     @expr2=
      #<Hopsa::DotExpr:0x7ffddcf8a598
       @code_line=0,
       @field_name="np",
       @obj=#<Hopsa::RefExpr:0x7ffddcf900b0 @code_line=0, @rname="x">>,
     @op="+",
     @post_conv=true,
     @pre_conv=true,
     @short=false>>,
 @finalChain=
  #<Hopsa::HopChain:0x7ffddf33dad0
   @chain=[],
   @executor=#<Hopsa::LetStatement:0x7ffddf348db8 ...>>,
 @finished=false,
 @hopid=7,
 @initChain=
  #<Hopsa::HopChain:0x7ffddf33dbe8
   @chain=[],
   @executor=#<Hopsa::LetStatement:0x7ffddf348db8 ...>>,
 @input=nil,
 @line=nil,
 @mainChain=
  #<Hopsa::HopChain:0x7ffddf33c4c8
   @chain=[],
   @executor=#<Hopsa::LetStatement:0x7ffddf348db8 ...>>,
 @parent=
  #<Hopsa::EachHopstance:0x7ffddcfbc8e0
   @current_var="x",
   @finalChain=
    #<Hopsa::HopChain:0x7ffddcfbc660
     @chain=[],
     @executor=#<Hopsa::EachHopstance:0x7ffddcfbc8e0 ...>>,
   @finished=false,
   @hopid=2,
   @initChain=
    #<Hopsa::HopChain:0x7ffddcfbc6b0
     @chain=
      [#<Hopsa::LetStatement:0x7ffddcf88d60
        @expression=
         #<Hopsa::AssExpr:0x7ffddcf88e00
          @code_line=0,
          @expr1=
           #<Hopsa::RefExpr:0x7ffddcf88e78 @code_line=0, @rname="__agg_var_3">,
          @expr2=#<Hopsa::ValExpr:0x7ffddcf88e28 @code_line=0, @val="1e300">>,
        @finalChain=
         #<Hopsa::HopChain:0x7ffddcf88c20
          @chain=[],
          @executor=#<Hopsa::LetStatement:0x7ffddcf88d60 ...>>,
        @finished=false,
        @hopid=4,
        @initChain=
         #<Hopsa::HopChain:0x7ffddcf88c48
          @chain=[],
          @executor=#<Hopsa::LetStatement:0x7ffddcf88d60 ...>>,
        @input=nil,
        @line=nil,
        @mainChain=
         #<Hopsa::HopChain:0x7ffddcf88ba8
          @chain=[],
          @executor=#<Hopsa::LetStatement:0x7ffddcf88d60 ...>>,
        @parent=#<Hopsa::EachHopstance:0x7ffddcfbc8e0 ...>,
        @started=false>],
     @executor=#<Hopsa::EachHopstance:0x7ffddcfbc8e0 ...>>,
   @input=nil,
   @mainChain=
    #<Hopsa::HopChain:0x7ffddcfbc5c0
     @chain=
      [#<Hopsa::LetStatement:0x7ffddcf88ce8
        @expression=
         #<Hopsa::AssExpr:0x7ffddcf88fb8
          @code_line=0,
          @expr1=
           #<Hopsa::RefExpr:0x7ffddcf89238 @code_line=0, @rname="__agg_var_3">,
          @expr2=
           #<Hopsa::CallExpr:0x7ffddcf89030
            @args=
             [#<Hopsa::RefExpr:0x7ffddcf89238
               @code_line=0,
               @rname="__agg_var_3">,
              #<Hopsa::DotExpr:0x7ffddcf890f8
               @code_line=0,
               @field_name="np",
               @obj=
                #<Hopsa::RefExpr:0x7ffddcfa1f90 @code_line=0, @rname="x">>],
            @fun=
             #<Hopsa::DirectFunction:0x7ffddcfc7ad8
              @arg_num=2,
              @code=#<Proc:0x00007ffddda56580@./hop_fun.rb:60>,
              @name="min",
              @post_conv=true,
              @pre_conv=true>,
            @fun_name="min">>,
        @finalChain=
         #<Hopsa::HopChain:0x7ffddcf88a40
          @chain=[],
          @executor=#<Hopsa::LetStatement:0x7ffddcf88ce8 ...>>,
        @finished=false,
        @hopid=5,
        @initChain=
         #<Hopsa::HopChain:0x7ffddcf88a68
          @chain=[],
          @executor=#<Hopsa::LetStatement:0x7ffddcf88ce8 ...>>,
        @input=nil,
        @line=nil,
        @mainChain=
         #<Hopsa::HopChain:0x7ffddcf889c8
          @chain=[],
          @executor=#<Hopsa::LetStatement:0x7ffddcf88ce8 ...>>,
        @parent=#<Hopsa::EachHopstance:0x7ffddcfbc8e0 ...>,
        @started=false>],
     @executor=#<Hopsa::EachHopstance:0x7ffddcfbc8e0 ...>>,
   @parent=
    #<Hopsa::TopStatement:0x7ffddcfc6ea8
     @finalChain=
      #<Hopsa::HopChain:0x7ffddcfc6c78
       @chain=[],
       @executor=#<Hopsa::TopStatement:0x7ffddcfc6ea8 ...>>,
     @finished=false,
     @hopid=1,
     @initChain=
      #<Hopsa::HopChain:0x7ffddcfc6ca0
       @chain=[],
       @executor=#<Hopsa::TopStatement:0x7ffddcfc6ea8 ...>>,
     @input=nil,
     @mainChain=
      #<Hopsa::HopChain:0x7ffddcfc6bd8
       @chain=[],
       @executor=#<Hopsa::TopStatement:0x7ffddcfc6ea8 ...>>,
     @parent=nil,
     @started=false,
     @varStore=
      #<Hopsa::VarStore:0x7ffddcfc6e08
       @cortegeStore={},
       @ex=#<Hopsa::TopStatement:0x7ffddcfc6ea8 ...>,
       @scalarStore=
        {"node"=>"node-00-00",
         "start_time"=>"1",
         "end_time"=>"5000000000000000"},
       @streamStore=
        {"out10"=>
          #<Hopsa::HopPipe:0x7ffddcfbc430
           @buffer=[],
           @data="",
           @read_io=#<File:0x7ffddcfbb238>,
           @write_io=#<File:0x7ffddcfbb1e8>>}>>,
   @source=
    #<Hopsa::CSVDriver:0x7ffddcfc5940
     @current_var="x",
     @parent=
      #<Hopsa::TopStatement:0x7ffddcfc6ea8
       @finalChain=
        #<Hopsa::HopChain:0x7ffddcfc6c78
         @chain=[],
         @executor=#<Hopsa::TopStatement:0x7ffddcfc6ea8 ...>>,
       @finished=false,
       @hopid=1,
       @initChain=
        #<Hopsa::HopChain:0x7ffddcfc6ca0
         @chain=[],
         @executor=#<Hopsa::TopStatement:0x7ffddcfc6ea8 ...>>,
       @input=nil,
       @mainChain=
        #<Hopsa::HopChain:0x7ffddcfc6bd8
         @chain=[],
         @executor=#<Hopsa::TopStatement:0x7ffddcfc6ea8 ...>>,
       @parent=nil,
       @started=false,
       @varStore=
        #<Hopsa::VarStore:0x7ffddcfc6e08
         @cortegeStore={},
         @ex=#<Hopsa::TopStatement:0x7ffddcfc6ea8 ...>,
         @scalarStore=
          {"node"=>"node-00-00",
           "start_time"=>"1",
           "end_time"=>"5000000000000000"},
         @streamStore=
          {"out10"=>
            #<Hopsa::HopPipe:0x7ffddcfbc430
             @buffer=[],
             @data="",
             @read_io=#<File:0x7ffddcfbb238>,
             @write_io=#<File:0x7ffddcfbb1e8>>}>>,
     @source="ttt",
     @where="x.np > 97",
     @where_expression=
      #<Hopsa::BinaryExpr:0x7ffddcfbcac0
       @code_line=0,
       @expr1=
        #<Hopsa::DotExpr:0x7ffddcfbec58
         @code_line=0,
         @field_name="np",
         @obj=#<Hopsa::RefExpr:0x7ffddcfbf428 @code_line=0, @rname="x">>,
       @expr2=#<Hopsa::ValExpr:0x7ffddcfbce58 @code_line=0, @val="97">,
       @op=">",
       @post_conv=false,
       @pre_conv=true,
       @short=false>>,
   @started=false,
   @streamvar="out10",
   @varStore=
    #<Hopsa::VarStore:0x7ffddcfbc840
     @cortegeStore={},
     @ex=#<Hopsa::EachHopstance:0x7ffddcfbc8e0 ...>,
     @scalarStore=
      {"node"=>"node-00-00",
       "start_time"=>"1",
       "__agg_var_0"=>"",
       "__agg_var_3"=>"",
       "end_time"=>"5000000000000000",
       "x"=>""},
     @streamStore=
      {"out10"=>
        #<Hopsa::HopPipe:0x7ffddcfbc430
         @buffer=[],
         @data="",
         @read_io=#<File:0x7ffddcfbb238>,
         @write_io=#<File:0x7ffddcfbb1e8>>}>,
   @where_expr=
    #<Hopsa::BinaryExpr:0x7ffddcfb2c28
     @code_line=0,
     @expr1=
      #<Hopsa::DotExpr:0x7ffddcfb47a8
       @code_line=0,
       @field_name="np",
       @obj=#<Hopsa::RefExpr:0x7ffddcfb4a00 @code_line=0, @rname="x">>,
     @expr2=#<Hopsa::ValExpr:0x7ffddcfb3100 @code_line=0, @val="97">,
     @op=">",
     @post_conv=false,
     @pre_conv=true,
     @short=false>>,
 @started=false>

>>Statement Hopsa::EachHopstance => Hopsa::LetStatement
>>Statement Hopsa::EachHopstance => Hopsa::LetStatement
ADDED AGG: #<Hopsa::LetStatement:0x7ffddcfa7dc8
 @expression=
  #<Hopsa::AssExpr:0x7ffddcf89eb8
   @code_line=0,
   @expr1=#<Hopsa::RefExpr:0x7ffddcf8a2f0 @code_line=0, @rname="__agg_var_1">,
   @expr2=
    #<Hopsa::CallExpr:0x7ffddcf89fd0
     @args=
      [#<Hopsa::RefExpr:0x7ffddcf8a2f0 @code_line=0, @rname="__agg_var_1">,
       #<Hopsa::RefExpr:0x7ffddcf8bab0 @code_line=0, @rname="x">],
     @fun=
      #<Hopsa::DirectFunction:0x7ffddcfc77b8
       @arg_num=2,
       @code=#<Proc:0x00007ffddda54ff0@./hop_fun.rb:62>,
       @name="incr",
       @post_conv=true,
       @pre_conv=false>,
     @fun_name="incr">>,
 @finalChain=
  #<Hopsa::HopChain:0x7ffddcfa7b20
   @chain=[],
   @executor=#<Hopsa::LetStatement:0x7ffddcfa7dc8 ...>>,
 @finished=false,
 @hopid=9,
 @initChain=
  #<Hopsa::HopChain:0x7ffddcfa7b48
   @chain=[],
   @executor=#<Hopsa::LetStatement:0x7ffddcfa7dc8 ...>>,
 @input=nil,
 @line=nil,
 @mainChain=
  #<Hopsa::HopChain:0x7ffddcfa7aa8
   @chain=[],
   @executor=#<Hopsa::LetStatement:0x7ffddcfa7dc8 ...>>,
 @parent=
  #<Hopsa::EachHopstance:0x7ffddcfbc8e0
   @current_var="x",
   @finalChain=
    #<Hopsa::HopChain:0x7ffddcfbc660
     @chain=[],
     @executor=#<Hopsa::EachHopstance:0x7ffddcfbc8e0 ...>>,
   @finished=false,
   @hopid=2,
   @initChain=
    #<Hopsa::HopChain:0x7ffddcfbc6b0
     @chain=
      [#<Hopsa::LetStatement:0x7ffddcf88d60
        @expression=
         #<Hopsa::AssExpr:0x7ffddcf88e00
          @code_line=0,
          @expr1=
           #<Hopsa::RefExpr:0x7ffddcf88e78 @code_line=0, @rname="__agg_var_3">,
          @expr2=#<Hopsa::ValExpr:0x7ffddcf88e28 @code_line=0, @val="1e300">>,
        @finalChain=
         #<Hopsa::HopChain:0x7ffddcf88c20
          @chain=[],
          @executor=#<Hopsa::LetStatement:0x7ffddcf88d60 ...>>,
        @finished=false,
        @hopid=4,
        @initChain=
         #<Hopsa::HopChain:0x7ffddcf88c48
          @chain=[],
          @executor=#<Hopsa::LetStatement:0x7ffddcf88d60 ...>>,
        @input=nil,
        @line=nil,
        @mainChain=
         #<Hopsa::HopChain:0x7ffddcf88ba8
          @chain=[],
          @executor=#<Hopsa::LetStatement:0x7ffddcf88d60 ...>>,
        @parent=#<Hopsa::EachHopstance:0x7ffddcfbc8e0 ...>,
        @started=false>,
       #<Hopsa::LetStatement:0x7ffddf349308
        @expression=
         #<Hopsa::AssExpr:0x7ffddf349b78
          @code_line=0,
          @expr1=
           #<Hopsa::RefExpr:0x7ffddf34be78 @code_line=0, @rname="__agg_var_0">,
          @expr2=#<Hopsa::ValExpr:0x7ffddf349c68 @code_line=0, @val="0">>,
        @finalChain=
         #<Hopsa::HopChain:0x7ffddf348070
          @chain=[],
          @executor=#<Hopsa::LetStatement:0x7ffddf349308 ...>>,
        @finished=false,
        @hopid=6,
        @initChain=
         #<Hopsa::HopChain:0x7ffddf348138
          @chain=[],
          @executor=#<Hopsa::LetStatement:0x7ffddf349308 ...>>,
        @input=nil,
        @line=nil,
        @mainChain=
         #<Hopsa::HopChain:0x7ffddf345f50
          @chain=[],
          @executor=#<Hopsa::LetStatement:0x7ffddf349308 ...>>,
        @parent=#<Hopsa::EachHopstance:0x7ffddcfbc8e0 ...>,
        @started=false>],
     @executor=#<Hopsa::EachHopstance:0x7ffddcfbc8e0 ...>>,
   @input=nil,
   @mainChain=
    #<Hopsa::HopChain:0x7ffddcfbc5c0
     @chain=
      [#<Hopsa::LetStatement:0x7ffddcf88ce8
        @expression=
         #<Hopsa::AssExpr:0x7ffddcf88fb8
          @code_line=0,
          @expr1=
           #<Hopsa::RefExpr:0x7ffddcf89238 @code_line=0, @rname="__agg_var_3">,
          @expr2=
           #<Hopsa::CallExpr:0x7ffddcf89030
            @args=
             [#<Hopsa::RefExpr:0x7ffddcf89238
               @code_line=0,
               @rname="__agg_var_3">,
              #<Hopsa::DotExpr:0x7ffddcf890f8
               @code_line=0,
               @field_name="np",
               @obj=
                #<Hopsa::RefExpr:0x7ffddcfa1f90 @code_line=0, @rname="x">>],
            @fun=
             #<Hopsa::DirectFunction:0x7ffddcfc7ad8
              @arg_num=2,
              @code=#<Proc:0x00007ffddda56580@./hop_fun.rb:60>,
              @name="min",
              @post_conv=true,
              @pre_conv=true>,
            @fun_name="min">>,
        @finalChain=
         #<Hopsa::HopChain:0x7ffddcf88a40
          @chain=[],
          @executor=#<Hopsa::LetStatement:0x7ffddcf88ce8 ...>>,
        @finished=false,
        @hopid=5,
        @initChain=
         #<Hopsa::HopChain:0x7ffddcf88a68
          @chain=[],
          @executor=#<Hopsa::LetStatement:0x7ffddcf88ce8 ...>>,
        @input=nil,
        @line=nil,
        @mainChain=
         #<Hopsa::HopChain:0x7ffddcf889c8
          @chain=[],
          @executor=#<Hopsa::LetStatement:0x7ffddcf88ce8 ...>>,
        @parent=#<Hopsa::EachHopstance:0x7ffddcfbc8e0 ...>,
        @started=false>,
       #<Hopsa::LetStatement:0x7ffddf348db8
        @expression=
         #<Hopsa::AssExpr:0x7ffddcf8a4d0
          @code_line=0,
          @expr1=
           #<Hopsa::RefExpr:0x7ffddcf8a7c8 @code_line=0, @rname="__agg_var_0">,
          @expr2=
           #<Hopsa::BinaryExpr:0x7ffddcf8a660
            @code_line=0,
            @expr1=
             #<Hopsa::RefExpr:0x7ffddcf8a7c8
              @code_line=0,
              @rname="__agg_var_0">,
            @expr2=
             #<Hopsa::DotExpr:0x7ffddcf8a598
              @code_line=0,
              @field_name="np",
              @obj=#<Hopsa::RefExpr:0x7ffddcf900b0 @code_line=0, @rname="x">>,
            @op="+",
            @post_conv=true,
            @pre_conv=true,
            @short=false>>,
        @finalChain=
         #<Hopsa::HopChain:0x7ffddf33dad0
          @chain=[],
          @executor=#<Hopsa::LetStatement:0x7ffddf348db8 ...>>,
        @finished=false,
        @hopid=7,
        @initChain=
         #<Hopsa::HopChain:0x7ffddf33dbe8
          @chain=[],
          @executor=#<Hopsa::LetStatement:0x7ffddf348db8 ...>>,
        @input=nil,
        @line=nil,
        @mainChain=
         #<Hopsa::HopChain:0x7ffddf33c4c8
          @chain=[],
          @executor=#<Hopsa::LetStatement:0x7ffddf348db8 ...>>,
        @parent=#<Hopsa::EachHopstance:0x7ffddcfbc8e0 ...>,
        @started=false>],
     @executor=#<Hopsa::EachHopstance:0x7ffddcfbc8e0 ...>>,
   @parent=
    #<Hopsa::TopStatement:0x7ffddcfc6ea8
     @finalChain=
      #<Hopsa::HopChain:0x7ffddcfc6c78
       @chain=[],
       @executor=#<Hopsa::TopStatement:0x7ffddcfc6ea8 ...>>,
     @finished=false,
     @hopid=1,
     @initChain=
      #<Hopsa::HopChain:0x7ffddcfc6ca0
       @chain=[],
       @executor=#<Hopsa::TopStatement:0x7ffddcfc6ea8 ...>>,
     @input=nil,
     @mainChain=
      #<Hopsa::HopChain:0x7ffddcfc6bd8
       @chain=[],
       @executor=#<Hopsa::TopStatement:0x7ffddcfc6ea8 ...>>,
     @parent=nil,
     @started=false,
     @varStore=
      #<Hopsa::VarStore:0x7ffddcfc6e08
       @cortegeStore={},
       @ex=#<Hopsa::TopStatement:0x7ffddcfc6ea8 ...>,
       @scalarStore=
        {"node"=>"node-00-00",
         "start_time"=>"1",
         "end_time"=>"5000000000000000"},
       @streamStore=
        {"out10"=>
          #<Hopsa::HopPipe:0x7ffddcfbc430
           @buffer=[],
           @data="",
           @read_io=#<File:0x7ffddcfbb238>,
           @write_io=#<File:0x7ffddcfbb1e8>>}>>,
   @source=
    #<Hopsa::CSVDriver:0x7ffddcfc5940
     @current_var="x",
     @parent=
      #<Hopsa::TopStatement:0x7ffddcfc6ea8
       @finalChain=
        #<Hopsa::HopChain:0x7ffddcfc6c78
         @chain=[],
         @executor=#<Hopsa::TopStatement:0x7ffddcfc6ea8 ...>>,
       @finished=false,
       @hopid=1,
       @initChain=
        #<Hopsa::HopChain:0x7ffddcfc6ca0
         @chain=[],
         @executor=#<Hopsa::TopStatement:0x7ffddcfc6ea8 ...>>,
       @input=nil,
       @mainChain=
        #<Hopsa::HopChain:0x7ffddcfc6bd8
         @chain=[],
         @executor=#<Hopsa::TopStatement:0x7ffddcfc6ea8 ...>>,
       @parent=nil,
       @started=false,
       @varStore=
        #<Hopsa::VarStore:0x7ffddcfc6e08
         @cortegeStore={},
         @ex=#<Hopsa::TopStatement:0x7ffddcfc6ea8 ...>,
         @scalarStore=
          {"node"=>"node-00-00",
           "start_time"=>"1",
           "end_time"=>"5000000000000000"},
         @streamStore=
          {"out10"=>
            #<Hopsa::HopPipe:0x7ffddcfbc430
             @buffer=[],
             @data="",
             @read_io=#<File:0x7ffddcfbb238>,
             @write_io=#<File:0x7ffddcfbb1e8>>}>>,
     @source="ttt",
     @where="x.np > 97",
     @where_expression=
      #<Hopsa::BinaryExpr:0x7ffddcfbcac0
       @code_line=0,
       @expr1=
        #<Hopsa::DotExpr:0x7ffddcfbec58
         @code_line=0,
         @field_name="np",
         @obj=#<Hopsa::RefExpr:0x7ffddcfbf428 @code_line=0, @rname="x">>,
       @expr2=#<Hopsa::ValExpr:0x7ffddcfbce58 @code_line=0, @val="97">,
       @op=">",
       @post_conv=false,
       @pre_conv=true,
       @short=false>>,
   @started=false,
   @streamvar="out10",
   @varStore=
    #<Hopsa::VarStore:0x7ffddcfbc840
     @cortegeStore={},
     @ex=#<Hopsa::EachHopstance:0x7ffddcfbc8e0 ...>,
     @scalarStore=
      {"node"=>"node-00-00",
       "start_time"=>"1",
       "__agg_var_1"=>"",
       "__agg_var_0"=>"",
       "__agg_var_3"=>"",
       "end_time"=>"5000000000000000",
       "x"=>""},
     @streamStore=
      {"out10"=>
        #<Hopsa::HopPipe:0x7ffddcfbc430
         @buffer=[],
         @data="",
         @read_io=#<File:0x7ffddcfbb238>,
         @write_io=#<File:0x7ffddcfbb1e8>>}>,
   @where_expr=
    #<Hopsa::BinaryExpr:0x7ffddcfb2c28
     @code_line=0,
     @expr1=
      #<Hopsa::DotExpr:0x7ffddcfb47a8
       @code_line=0,
       @field_name="np",
       @obj=#<Hopsa::RefExpr:0x7ffddcfb4a00 @code_line=0, @rname="x">>,
     @expr2=#<Hopsa::ValExpr:0x7ffddcfb3100 @code_line=0, @val="97">,
     @op=">",
     @post_conv=false,
     @pre_conv=true,
     @short=false>>,
 @started=false>

>>Statement Hopsa::EachHopstance => Hopsa::LetStatement
>>Statement Hopsa::EachHopstance => Hopsa::LetStatement
ADDED AGG: #<Hopsa::LetStatement:0x7ffddb81a160
 @expression=
  #<Hopsa::AssExpr:0x7ffddcf89530
   @code_line=0,
   @expr1=#<Hopsa::RefExpr:0x7ffddcf89ad0 @code_line=0, @rname="__agg_var_2">,
   @expr2=
    #<Hopsa::CallExpr:0x7ffddcf895a8
     @args=
      [#<Hopsa::RefExpr:0x7ffddcf89ad0 @code_line=0, @rname="__agg_var_2">,
       #<Hopsa::DotExpr:0x7ffddcf89828
        @code_line=0,
        @field_name="np",
        @obj=#<Hopsa::RefExpr:0x7ffddcf98b98 @code_line=0, @rname="x">>],
     @fun=
      #<Hopsa::DirectFunction:0x7ffddcfc79c0
       @arg_num=2,
       @code=#<Proc:0x00007ffddda55900@./hop_fun.rb:61>,
       @name="max",
       @post_conv=true,
       @pre_conv=true>,
     @fun_name="max">>,
 @finalChain=
  #<Hopsa::HopChain:0x7ffddb819eb8
   @chain=[],
   @executor=#<Hopsa::LetStatement:0x7ffddb81a160 ...>>,
 @finished=false,
 @hopid=11,
 @initChain=
  #<Hopsa::HopChain:0x7ffddb819ee0
   @chain=[],
   @executor=#<Hopsa::LetStatement:0x7ffddb81a160 ...>>,
 @input=nil,
 @line=nil,
 @mainChain=
  #<Hopsa::HopChain:0x7ffddb819e40
   @chain=[],
   @executor=#<Hopsa::LetStatement:0x7ffddb81a160 ...>>,
 @parent=
  #<Hopsa::EachHopstance:0x7ffddcfbc8e0
   @current_var="x",
   @finalChain=
    #<Hopsa::HopChain:0x7ffddcfbc660
     @chain=[],
     @executor=#<Hopsa::EachHopstance:0x7ffddcfbc8e0 ...>>,
   @finished=false,
   @hopid=2,
   @initChain=
    #<Hopsa::HopChain:0x7ffddcfbc6b0
     @chain=
      [#<Hopsa::LetStatement:0x7ffddcf88d60
        @expression=
         #<Hopsa::AssExpr:0x7ffddcf88e00
          @code_line=0,
          @expr1=
           #<Hopsa::RefExpr:0x7ffddcf88e78 @code_line=0, @rname="__agg_var_3">,
          @expr2=#<Hopsa::ValExpr:0x7ffddcf88e28 @code_line=0, @val="1e300">>,
        @finalChain=
         #<Hopsa::HopChain:0x7ffddcf88c20
          @chain=[],
          @executor=#<Hopsa::LetStatement:0x7ffddcf88d60 ...>>,
        @finished=false,
        @hopid=4,
        @initChain=
         #<Hopsa::HopChain:0x7ffddcf88c48
          @chain=[],
          @executor=#<Hopsa::LetStatement:0x7ffddcf88d60 ...>>,
        @input=nil,
        @line=nil,
        @mainChain=
         #<Hopsa::HopChain:0x7ffddcf88ba8
          @chain=[],
          @executor=#<Hopsa::LetStatement:0x7ffddcf88d60 ...>>,
        @parent=#<Hopsa::EachHopstance:0x7ffddcfbc8e0 ...>,
        @started=false>,
       #<Hopsa::LetStatement:0x7ffddf349308
        @expression=
         #<Hopsa::AssExpr:0x7ffddf349b78
          @code_line=0,
          @expr1=
           #<Hopsa::RefExpr:0x7ffddf34be78 @code_line=0, @rname="__agg_var_0">,
          @expr2=#<Hopsa::ValExpr:0x7ffddf349c68 @code_line=0, @val="0">>,
        @finalChain=
         #<Hopsa::HopChain:0x7ffddf348070
          @chain=[],
          @executor=#<Hopsa::LetStatement:0x7ffddf349308 ...>>,
        @finished=false,
        @hopid=6,
        @initChain=
         #<Hopsa::HopChain:0x7ffddf348138
          @chain=[],
          @executor=#<Hopsa::LetStatement:0x7ffddf349308 ...>>,
        @input=nil,
        @line=nil,
        @mainChain=
         #<Hopsa::HopChain:0x7ffddf345f50
          @chain=[],
          @executor=#<Hopsa::LetStatement:0x7ffddf349308 ...>>,
        @parent=#<Hopsa::EachHopstance:0x7ffddcfbc8e0 ...>,
        @started=false>,
       #<Hopsa::LetStatement:0x7ffddcfa7e40
        @expression=
         #<Hopsa::AssExpr:0x7ffddcfa7ee0
          @code_line=0,
          @expr1=
           #<Hopsa::RefExpr:0x7ffddcfa7f80 @code_line=0, @rname="__agg_var_1">,
          @expr2=#<Hopsa::ValExpr:0x7ffddcfa7f30 @code_line=0, @val="0">>,
        @finalChain=
         #<Hopsa::HopChain:0x7ffddcfa7d00
          @chain=[],
          @executor=#<Hopsa::LetStatement:0x7ffddcfa7e40 ...>>,
        @finished=false,
        @hopid=8,
        @initChain=
         #<Hopsa::HopChain:0x7ffddcfa7d28
          @chain=[],
          @executor=#<Hopsa::LetStatement:0x7ffddcfa7e40 ...>>,
        @input=nil,
        @line=nil,
        @mainChain=
         #<Hopsa::HopChain:0x7ffddcfa7c88
          @chain=[],
          @executor=#<Hopsa::LetStatement:0x7ffddcfa7e40 ...>>,
        @parent=#<Hopsa::EachHopstance:0x7ffddcfbc8e0 ...>,
        @started=false>],
     @executor=#<Hopsa::EachHopstance:0x7ffddcfbc8e0 ...>>,
   @input=nil,
   @mainChain=
    #<Hopsa::HopChain:0x7ffddcfbc5c0
     @chain=
      [#<Hopsa::LetStatement:0x7ffddcf88ce8
        @expression=
         #<Hopsa::AssExpr:0x7ffddcf88fb8
          @code_line=0,
          @expr1=
           #<Hopsa::RefExpr:0x7ffddcf89238 @code_line=0, @rname="__agg_var_3">,
          @expr2=
           #<Hopsa::CallExpr:0x7ffddcf89030
            @args=
             [#<Hopsa::RefExpr:0x7ffddcf89238
               @code_line=0,
               @rname="__agg_var_3">,
              #<Hopsa::DotExpr:0x7ffddcf890f8
               @code_line=0,
               @field_name="np",
               @obj=
                #<Hopsa::RefExpr:0x7ffddcfa1f90 @code_line=0, @rname="x">>],
            @fun=
             #<Hopsa::DirectFunction:0x7ffddcfc7ad8
              @arg_num=2,
              @code=#<Proc:0x00007ffddda56580@./hop_fun.rb:60>,
              @name="min",
              @post_conv=true,
              @pre_conv=true>,
            @fun_name="min">>,
        @finalChain=
         #<Hopsa::HopChain:0x7ffddcf88a40
          @chain=[],
          @executor=#<Hopsa::LetStatement:0x7ffddcf88ce8 ...>>,
        @finished=false,
        @hopid=5,
        @initChain=
         #<Hopsa::HopChain:0x7ffddcf88a68
          @chain=[],
          @executor=#<Hopsa::LetStatement:0x7ffddcf88ce8 ...>>,
        @input=nil,
        @line=nil,
        @mainChain=
         #<Hopsa::HopChain:0x7ffddcf889c8
          @chain=[],
          @executor=#<Hopsa::LetStatement:0x7ffddcf88ce8 ...>>,
        @parent=#<Hopsa::EachHopstance:0x7ffddcfbc8e0 ...>,
        @started=false>,
       #<Hopsa::LetStatement:0x7ffddf348db8
        @expression=
         #<Hopsa::AssExpr:0x7ffddcf8a4d0
          @code_line=0,
          @expr1=
           #<Hopsa::RefExpr:0x7ffddcf8a7c8 @code_line=0, @rname="__agg_var_0">,
          @expr2=
           #<Hopsa::BinaryExpr:0x7ffddcf8a660
            @code_line=0,
            @expr1=
             #<Hopsa::RefExpr:0x7ffddcf8a7c8
              @code_line=0,
              @rname="__agg_var_0">,
            @expr2=
             #<Hopsa::DotExpr:0x7ffddcf8a598
              @code_line=0,
              @field_name="np",
              @obj=#<Hopsa::RefExpr:0x7ffddcf900b0 @code_line=0, @rname="x">>,
            @op="+",
            @post_conv=true,
            @pre_conv=true,
            @short=false>>,
        @finalChain=
         #<Hopsa::HopChain:0x7ffddf33dad0
          @chain=[],
          @executor=#<Hopsa::LetStatement:0x7ffddf348db8 ...>>,
        @finished=false,
        @hopid=7,
        @initChain=
         #<Hopsa::HopChain:0x7ffddf33dbe8
          @chain=[],
          @executor=#<Hopsa::LetStatement:0x7ffddf348db8 ...>>,
        @input=nil,
        @line=nil,
        @mainChain=
         #<Hopsa::HopChain:0x7ffddf33c4c8
          @chain=[],
          @executor=#<Hopsa::LetStatement:0x7ffddf348db8 ...>>,
        @parent=#<Hopsa::EachHopstance:0x7ffddcfbc8e0 ...>,
        @started=false>,
       #<Hopsa::LetStatement:0x7ffddcfa7dc8
        @expression=
         #<Hopsa::AssExpr:0x7ffddcf89eb8
          @code_line=0,
          @expr1=
           #<Hopsa::RefExpr:0x7ffddcf8a2f0 @code_line=0, @rname="__agg_var_1">,
          @expr2=
           #<Hopsa::CallExpr:0x7ffddcf89fd0
            @args=
             [#<Hopsa::RefExpr:0x7ffddcf8a2f0
               @code_line=0,
               @rname="__agg_var_1">,
              #<Hopsa::RefExpr:0x7ffddcf8bab0 @code_line=0, @rname="x">],
            @fun=
             #<Hopsa::DirectFunction:0x7ffddcfc77b8
              @arg_num=2,
              @code=#<Proc:0x00007ffddda54ff0@./hop_fun.rb:62>,
              @name="incr",
              @post_conv=true,
              @pre_conv=false>,
            @fun_name="incr">>,
        @finalChain=
         #<Hopsa::HopChain:0x7ffddcfa7b20
          @chain=[],
          @executor=#<Hopsa::LetStatement:0x7ffddcfa7dc8 ...>>,
        @finished=false,
        @hopid=9,
        @initChain=
         #<Hopsa::HopChain:0x7ffddcfa7b48
          @chain=[],
          @executor=#<Hopsa::LetStatement:0x7ffddcfa7dc8 ...>>,
        @input=nil,
        @line=nil,
        @mainChain=
         #<Hopsa::HopChain:0x7ffddcfa7aa8
          @chain=[],
          @executor=#<Hopsa::LetStatement:0x7ffddcfa7dc8 ...>>,
        @parent=#<Hopsa::EachHopstance:0x7ffddcfbc8e0 ...>,
        @started=false>],
     @executor=#<Hopsa::EachHopstance:0x7ffddcfbc8e0 ...>>,
   @parent=
    #<Hopsa::TopStatement:0x7ffddcfc6ea8
     @finalChain=
      #<Hopsa::HopChain:0x7ffddcfc6c78
       @chain=[],
       @executor=#<Hopsa::TopStatement:0x7ffddcfc6ea8 ...>>,
     @finished=false,
     @hopid=1,
     @initChain=
      #<Hopsa::HopChain:0x7ffddcfc6ca0
       @chain=[],
       @executor=#<Hopsa::TopStatement:0x7ffddcfc6ea8 ...>>,
     @input=nil,
     @mainChain=
      #<Hopsa::HopChain:0x7ffddcfc6bd8
       @chain=[],
       @executor=#<Hopsa::TopStatement:0x7ffddcfc6ea8 ...>>,
     @parent=nil,
     @started=false,
     @varStore=
      #<Hopsa::VarStore:0x7ffddcfc6e08
       @cortegeStore={},
       @ex=#<Hopsa::TopStatement:0x7ffddcfc6ea8 ...>,
       @scalarStore=
        {"node"=>"node-00-00",
         "start_time"=>"1",
         "end_time"=>"5000000000000000"},
       @streamStore=
        {"out10"=>
          #<Hopsa::HopPipe:0x7ffddcfbc430
           @buffer=[],
           @data="",
           @read_io=#<File:0x7ffddcfbb238>,
           @write_io=#<File:0x7ffddcfbb1e8>>}>>,
   @source=
    #<Hopsa::CSVDriver:0x7ffddcfc5940
     @current_var="x",
     @parent=
      #<Hopsa::TopStatement:0x7ffddcfc6ea8
       @finalChain=
        #<Hopsa::HopChain:0x7ffddcfc6c78
         @chain=[],
         @executor=#<Hopsa::TopStatement:0x7ffddcfc6ea8 ...>>,
       @finished=false,
       @hopid=1,
       @initChain=
        #<Hopsa::HopChain:0x7ffddcfc6ca0
         @chain=[],
         @executor=#<Hopsa::TopStatement:0x7ffddcfc6ea8 ...>>,
       @input=nil,
       @mainChain=
        #<Hopsa::HopChain:0x7ffddcfc6bd8
         @chain=[],
         @executor=#<Hopsa::TopStatement:0x7ffddcfc6ea8 ...>>,
       @parent=nil,
       @started=false,
       @varStore=
        #<Hopsa::VarStore:0x7ffddcfc6e08
         @cortegeStore={},
         @ex=#<Hopsa::TopStatement:0x7ffddcfc6ea8 ...>,
         @scalarStore=
          {"node"=>"node-00-00",
           "start_time"=>"1",
           "end_time"=>"5000000000000000"},
         @streamStore=
          {"out10"=>
            #<Hopsa::HopPipe:0x7ffddcfbc430
             @buffer=[],
             @data="",
             @read_io=#<File:0x7ffddcfbb238>,
             @write_io=#<File:0x7ffddcfbb1e8>>}>>,
     @source="ttt",
     @where="x.np > 97",
     @where_expression=
      #<Hopsa::BinaryExpr:0x7ffddcfbcac0
       @code_line=0,
       @expr1=
        #<Hopsa::DotExpr:0x7ffddcfbec58
         @code_line=0,
         @field_name="np",
         @obj=#<Hopsa::RefExpr:0x7ffddcfbf428 @code_line=0, @rname="x">>,
       @expr2=#<Hopsa::ValExpr:0x7ffddcfbce58 @code_line=0, @val="97">,
       @op=">",
       @post_conv=false,
       @pre_conv=true,
       @short=false>>,
   @started=false,
   @streamvar="out10",
   @varStore=
    #<Hopsa::VarStore:0x7ffddcfbc840
     @cortegeStore={},
     @ex=#<Hopsa::EachHopstance:0x7ffddcfbc8e0 ...>,
     @scalarStore=
      {"node"=>"node-00-00",
       "start_time"=>"1",
       "__agg_var_2"=>"",
       "__agg_var_1"=>"",
       "__agg_var_0"=>"",
       "__agg_var_3"=>"",
       "end_time"=>"5000000000000000",
       "x"=>""},
     @streamStore=
      {"out10"=>
        #<Hopsa::HopPipe:0x7ffddcfbc430
         @buffer=[],
         @data="",
         @read_io=#<File:0x7ffddcfbb238>,
         @write_io=#<File:0x7ffddcfbb1e8>>}>,
   @where_expr=
    #<Hopsa::BinaryExpr:0x7ffddcfb2c28
     @code_line=0,
     @expr1=
      #<Hopsa::DotExpr:0x7ffddcfb47a8
       @code_line=0,
       @field_name="np",
       @obj=#<Hopsa::RefExpr:0x7ffddcfb4a00 @code_line=0, @rname="x">>,
     @expr2=#<Hopsa::ValExpr:0x7ffddcfb3100 @code_line=0, @val="97">,
     @op=">",
     @post_conv=false,
     @pre_conv=true,
     @short=false>>,
 @started=false>

>>Statement Hopsa::TopStatement => Hopsa::PrintEachHopstance
Copy varstore PrintEachHopstance from #<Hopsa::TopStatement:0x7ffddcfc6ea8>.
STREAM "out10"


***********   START   *********************

START main chain #EachHopstance(out10<-#<Hopsa::CSVDriver:0x7ffddcfc5940>) (#HopChain (4 statements))
Merge varstore #EachHopstance(out10<-#<Hopsa::CSVDriver:0x7ffddcfc5940>) from #<Hopsa::TopStatement:0x7ffddcfc6ea8>.
Thread #EachHopstance(out10<-#<Hopsa::CSVDriver:0x7ffddcfc5940>) started(#<Thread:0x7ffddb7541e0>)
Thread PrintEachHopstance started(#<Thread:0x7ffddb6f87a0>)
T: #<Thread:0x7ffddb7541e0> sleep
EOF.....

T: #<Thread:0x7ffddb6f87a0> sleep
START final chain #EachHopstance(out10<-#<Hopsa::CSVDriver:0x7ffddcfc5940>) (#HopChain (1 statements))
THREADS:2
FINISHED! #EachHopstance(out10<-#<Hopsa::CSVDriver:0x7ffddcfc5940>)
-------------------------------
TRUE NIL READED!
T: #<Thread:0x7ffddb7541e0> false
T: #<Thread:0x7ffddb6f87a0> false
THREADS:0

***********   END     *********************

VAR: out10HopPipe: is 70364155470360
VAR: nodenode-00-00
VAR: start_time1
VAR: end_time5000000000000000
DB Driver load: ./hop_db_dummy.rb
OK! (dummy)
DB Driver load: ./hop_db_cassandra.rb
DB Driver load failed (but ignored): ./hop_db_cassandra.rb (no such file to load -- cassandra/0.8)
DB Driver load: ./hop_db_cassandra2d.rb
DB Driver init failed: ./hop_db_cassandra2d.rb (uninitialized constant Hopsa::CassandraHopstance)
DB Driver load: ./hop_db_mongo.rb
OK! (mongo)
DB Driver load: ./hop_db_split.rb
OK! (split)
DB Driver load: ./hop_db_stream.rb
OK! (stream)
CONFIG YAML: {"varmap"=>{"cheb_cpu_user"=>{"keyname"=>"time", "colname"=>"node", "keyspace"=>"zhopsa", "cf"=>"cheb_cpu_user", "type"=>"cassandra2d"}, "testbase"=>{"type"=>"csv"}, "cpu_user"=>{"collection"=>"mycoll", "address"=>"localhost", "database"=>"test", "type"=>"mongo", "push_index"=>true}, "tasks"=>{"keyname"=>"taskid", "keyspace"=>"hopsa", "max_items"=>-1, "cf"=>"tasks_gra", "type"=>"cassandra", "push_index"=>true}}, "local"=>{"out_format"=>"csv"}, "parmap"=>{"node"=>"node-00-00", "end_time"=>"5000000000000000", "start_time"=>"1"}}
>>Statement NilClass => Hopsa::TopStatement
NEW EMPTY VARSTORE
>>Statement Hopsa::TopStatement => Hopsa::EachHopstance
Copy varstore #EachHopstance(<-) from #<Hopsa::TopStatement:0x7f1d922faf60>.
ADDED STREAM: 69882491688780 out10
:: final

EACH: out10,x,#<Hopsa::CSVDriver:0x7f1d922f99f8>,x.np > 97
>>final<<
>>Statement Hopsa::EachHopstance => Hopsa::LetStatement
>>Statement Hopsa::EachHopstance => Hopsa::LetStatement
DB Driver load: ./hop_db_dummy.rb
OK! (dummy)
DB Driver load: ./hop_db_cassandra.rb
DB Driver load failed (but ignored): ./hop_db_cassandra.rb (no such file to load -- cassandra/0.8)
DB Driver load: ./hop_db_cassandra2d.rb
DB Driver init failed: ./hop_db_cassandra2d.rb (uninitialized constant Hopsa::CassandraHopstance)
DB Driver load: ./hop_db_mongo.rb
OK! (mongo)
DB Driver load: ./hop_db_split.rb
OK! (split)
DB Driver load: ./hop_db_stream.rb
OK! (stream)
CONFIG YAML: {"varmap"=>{"tasks"=>{"keyname"=>"taskid", "keyspace"=>"hopsa", "push_index"=>true, "max_items"=>-1, "cf"=>"tasks_gra", "type"=>"cassandra"}, "cpu_user"=>{"database"=>"test", "push_index"=>true, "collection"=>"mycoll", "type"=>"mongo", "address"=>"localhost"}, "testbase"=>{"type"=>"csv"}, "cheb_cpu_user"=>{"keyname"=>"time", "keyspace"=>"zhopsa", "colname"=>"node", "cf"=>"cheb_cpu_user", "type"=>"cassandra2d"}}, "local"=>{"out_format"=>"csv"}, "parmap"=>{"end_time"=>"5000000000000000", "node"=>"node-00-00", "start_time"=>"1"}}
>>Statement NilClass => Hopsa::TopStatement
NEW EMPTY VARSTORE
>>Statement Hopsa::TopStatement => Hopsa::EachHopstance
Copy varstore #EachHopstance(<-) from #<Hopsa::TopStatement:0x7f01b115c818>.
ADDED STREAM: 69822621344680 out10
:: final

EACH: out10,x,#<Hopsa::CSVDriver:0x7f01b115b5a8>,x.np > 97
>>final<<
DB Driver load: ./hop_db_dummy.rb
OK! (dummy)
DB Driver load: ./hop_db_cassandra.rb
DB Driver load failed (but ignored): ./hop_db_cassandra.rb (no such file to load -- cassandra/0.8)
DB Driver load: ./hop_db_cassandra2d.rb
DB Driver init failed: ./hop_db_cassandra2d.rb (uninitialized constant Hopsa::CassandraHopstance)
DB Driver load: ./hop_db_mongo.rb
OK! (mongo)
DB Driver load: ./hop_db_split.rb
OK! (split)
DB Driver load: ./hop_db_stream.rb
OK! (stream)
CONFIG YAML: {"local"=>{"out_format"=>"csv"}, "varmap"=>{"cpu_user"=>{"type"=>"mongo", "push_index"=>true, "collection"=>"mycoll", "address"=>"localhost", "database"=>"test"}, "tasks"=>{"cf"=>"tasks_gra", "type"=>"cassandra", "keyname"=>"taskid", "keyspace"=>"hopsa", "push_index"=>true, "max_items"=>-1}, "testbase"=>{"type"=>"csv"}, "cheb_cpu_user"=>{"cf"=>"cheb_cpu_user", "type"=>"cassandra2d", "keyname"=>"time", "keyspace"=>"zhopsa", "colname"=>"node"}}, "parmap"=>{"end_time"=>"5000000000000000", "node"=>"node-00-00", "start_time"=>"1"}}
>>Statement NilClass => Hopsa::TopStatement
NEW EMPTY VARSTORE
>>Statement Hopsa::TopStatement => Hopsa::EachHopstance
Copy varstore #EachHopstance(<-) from #<Hopsa::TopStatement:0x7f6d73547648>.
ADDED STREAM: 70054031538900 out10
:: final

EACH: out10,x,#<Hopsa::CSVDriver:0x7f6d735461d0>,x.np > 97
>>final<<
DB Driver load: ./hop_db_dummy.rb
OK! (dummy)
DB Driver load: ./hop_db_cassandra.rb
DB Driver load failed (but ignored): ./hop_db_cassandra.rb (no such file to load -- cassandra/0.8)
DB Driver load: ./hop_db_cassandra2d.rb
DB Driver init failed: ./hop_db_cassandra2d.rb (uninitialized constant Hopsa::CassandraHopstance)
DB Driver load: ./hop_db_mongo.rb
OK! (mongo)
DB Driver load: ./hop_db_split.rb
OK! (split)
DB Driver load: ./hop_db_stream.rb
OK! (stream)
CONFIG YAML: {"varmap"=>{"cpu_user"=>{"push_index"=>true, "type"=>"mongo", "address"=>"localhost", "collection"=>"mycoll", "database"=>"test"}, "testbase"=>{"type"=>"csv"}, "tasks"=>{"push_index"=>true, "max_items"=>-1, "type"=>"cassandra", "keyspace"=>"hopsa", "cf"=>"tasks_gra", "keyname"=>"taskid"}, "cheb_cpu_user"=>{"colname"=>"node", "type"=>"cassandra2d", "keyspace"=>"zhopsa", "cf"=>"cheb_cpu_user", "keyname"=>"time"}}, "local"=>{"out_format"=>"csv"}, "parmap"=>{"node"=>"node-00-00", "end_time"=>"5000000000000000", "start_time"=>"1"}}
>>Statement NilClass => Hopsa::TopStatement
NEW EMPTY VARSTORE
>>Statement Hopsa::TopStatement => Hopsa::EachHopstance
Copy varstore #EachHopstance(<-) from #<Hopsa::TopStatement:0x7f1722563728>.
ADDED STREAM: 69868668525380 out10
:: final

EACH: out10,x,#<Hopsa::CSVDriver:0x7f1722562468>,x.np > 97
>>final<<
DB Driver load: ./hop_db_dummy.rb
OK! (dummy)
DB Driver load: ./hop_db_cassandra.rb
DB Driver load failed (but ignored): ./hop_db_cassandra.rb (no such file to load -- cassandra/0.8)
DB Driver load: ./hop_db_cassandra2d.rb
DB Driver init failed: ./hop_db_cassandra2d.rb (uninitialized constant Hopsa::CassandraHopstance)
DB Driver load: ./hop_db_mongo.rb
OK! (mongo)
DB Driver load: ./hop_db_split.rb
OK! (split)
DB Driver load: ./hop_db_stream.rb
OK! (stream)
CONFIG YAML: {"local"=>{"out_format"=>"csv"}, "varmap"=>{"cpu_user"=>{"database"=>"test", "address"=>"localhost", "collection"=>"mycoll", "push_index"=>true, "type"=>"mongo"}, "tasks"=>{"keyspace"=>"hopsa", "keyname"=>"taskid", "cf"=>"tasks_gra", "push_index"=>true, "max_items"=>-1, "type"=>"cassandra"}, "testbase"=>{"type"=>"csv"}, "cheb_cpu_user"=>{"colname"=>"node", "keyspace"=>"zhopsa", "keyname"=>"time", "cf"=>"cheb_cpu_user", "type"=>"cassandra2d"}}, "parmap"=>{"end_time"=>"5000000000000000", "node"=>"node-00-00", "start_time"=>"1"}}
>>Statement NilClass => Hopsa::TopStatement
NEW EMPTY VARSTORE
>>Statement Hopsa::TopStatement => Hopsa::EachHopstance
Copy varstore #EachHopstance(<-) from #<Hopsa::TopStatement:0x7f27325e5550>.
ADDED STREAM: 69903162747480 out10
:: final

EACH: out10,x,#<Hopsa::CSVDriver:0x7f27325e3e08>,x.np > 97
>>final<<
>>Statement Hopsa::EachHopstance => Hopsa::LetStatement
>>Statement Hopsa::EachHopstance => Hopsa::LetStatement
>>Statement Hopsa::EachHopstance => Hopsa::LetStatement
>>Statement Hopsa::EachHopstance => Hopsa::LetStatement
>>Statement Hopsa::EachHopstance => Hopsa::LetStatement
>>Statement Hopsa::EachHopstance => Hopsa::LetStatement
>>Statement Hopsa::EachHopstance => Hopsa::LetStatement
>>Statement Hopsa::EachHopstance => Hopsa::LetStatement
>>Statement Hopsa::TopStatement => Hopsa::PrintEachHopstance
Copy varstore PrintEachHopstance from #<Hopsa::TopStatement:0x7f27325e5550>.
STREAM "out10"


***********   START   *********************

START main chain #EachHopstance(out10<-#<Hopsa::CSVDriver:0x7f27325e3e08>) (#HopChain (4 statements))
Merge varstore #EachHopstance(out10<-#<Hopsa::CSVDriver:0x7f27325e3e08>) from #<Hopsa::TopStatement:0x7f27325e5550>.
Thread #EachHopstance(out10<-#<Hopsa::CSVDriver:0x7f27325e3e08>) started(#<Thread:0x7f27325a2110>)
Thread PrintEachHopstance started(#<Thread:0x7f2733079c28>)
T: #<Thread:0x7f27325a2110> sleep
T: #<Thread:0x7f2733079c28> sleep
THREADS:2
EOF.....

START final chain #EachHopstance(out10<-#<Hopsa::CSVDriver:0x7f27325e3e08>) (#HopChain (1 statements))
FINISHED! #EachHopstance(out10<-#<Hopsa::CSVDriver:0x7f27325e3e08>)
-------------------------------
TRUE NIL READED!
T: #<Thread:0x7f27325a2110> false
T: #<Thread:0x7f2733079c28> false
THREADS:0

***********   END     *********************

VAR: out10HopPipe: is 69903162725700
VAR: end_time5000000000000000
VAR: start_time1
VAR: nodenode-00-00
DB Driver load: ./hop_db_dummy.rb
OK! (dummy)
DB Driver load: ./hop_db_cassandra.rb
DB Driver load failed (but ignored): ./hop_db_cassandra.rb (no such file to load -- cassandra/0.8)
DB Driver load: ./hop_db_cassandra2d.rb
DB Driver init failed: ./hop_db_cassandra2d.rb (uninitialized constant Hopsa::CassandraHopstance)
DB Driver load: ./hop_db_mongo.rb
OK! (mongo)
DB Driver load: ./hop_db_split.rb
OK! (split)
DB Driver load: ./hop_db_stream.rb
OK! (stream)
CONFIG YAML: {"parmap"=>{"node"=>"node-00-00", "start_time"=>"1", "end_time"=>"5000000000000000"}, "varmap"=>{"testbase"=>{"type"=>"csv"}, "cheb_cpu_user"=>{"keyspace"=>"zhopsa", "type"=>"cassandra2d", "colname"=>"node", "keyname"=>"time", "cf"=>"cheb_cpu_user"}, "cpu_user"=>{"push_index"=>true, "type"=>"mongo", "address"=>"localhost", "database"=>"test", "collection"=>"mycoll"}, "tasks"=>{"keyspace"=>"hopsa", "max_items"=>-1, "push_index"=>true, "type"=>"cassandra", "keyname"=>"taskid", "cf"=>"tasks_gra"}}, "local"=>{"out_format"=>"csv"}}
>>Statement NilClass => Hopsa::TopStatement
NEW EMPTY VARSTORE
>>Statement Hopsa::TopStatement => Hopsa::EachHopstance
Copy varstore #EachHopstance(<-) from #<Hopsa::TopStatement:0x7f39be5907c8>.
ADDED STREAM: 69942991684520 out10
:: final

EACH: out10,x,#<Hopsa::CSVDriver:0x7f39be58f530>,x.np > 97
>>final<<
>>Statement Hopsa::EachHopstance => Hopsa::LetStatement
>>Statement Hopsa::EachHopstance => Hopsa::LetStatement
>>Statement Hopsa::EachHopstance => Hopsa::LetStatement
>>Statement Hopsa::EachHopstance => Hopsa::LetStatement
>>Statement Hopsa::EachHopstance => Hopsa::LetStatement
>>Statement Hopsa::EachHopstance => Hopsa::LetStatement
>>Statement Hopsa::EachHopstance => Hopsa::LetStatement
>>Statement Hopsa::EachHopstance => Hopsa::LetStatement
>>Statement Hopsa::TopStatement => Hopsa::PrintEachHopstance
Copy varstore PrintEachHopstance from #<Hopsa::TopStatement:0x7f39be5907c8>.
STREAM "out10"


***********   START   *********************

START main chain #EachHopstance(out10<-#<Hopsa::CSVDriver:0x7f39be58f530>) (#HopChain (4 statements))
Merge varstore #EachHopstance(out10<-#<Hopsa::CSVDriver:0x7f39be58f530>) from #<Hopsa::TopStatement:0x7f39be5907c8>.
Thread #EachHopstance(out10<-#<Hopsa::CSVDriver:0x7f39be58f530>) started(#<Thread:0x7f39be54d360>)
Thread PrintEachHopstance started(#<Thread:0x7f39c09a24e0>)
T: #<Thread:0x7f39be54d360> sleep
EOF.....

T: #<Thread:0x7f39c09a24e0> sleep
START final chain #EachHopstance(out10<-#<Hopsa::CSVDriver:0x7f39be58f530>) (#HopChain (1 statements))
THREADS:2
FINISHED! #EachHopstance(out10<-#<Hopsa::CSVDriver:0x7f39be58f530>)
-------------------------------
TRUE NIL READED!
T: #<Thread:0x7f39be54d360> false
T: #<Thread:0x7f39c09a24e0> false
THREADS:0

***********   END     *********************

VAR: out10HopPipe: is 69942991662660
VAR: start_time1
VAR: nodenode-00-00
VAR: end_time5000000000000000
